# JRE version: Java(TM) SE Runtime Environment (17.0.12+8) (build 17.0.12+8-LTS-286)
# Java VM: Java HotSpot(TM) 64-Bit Server VM (17.0.12+8-LTS-286, mixed mode, sharing, tiered, compressed oops, compressed class ptrs, g1 gc, windows-amd64)
GC Precious Log:
 CPUs: 8 total, 8 available
 Memory: 16149M
 Large Page Support: Disabled
 NUMA Support: Disabled
 Compressed Oops: Enabled (Zero based)
 Heap Region Size: 2M
 Heap Min Capacity: 8M
 Heap Initial Capacity: 254M
 Heap Max Capacity: 4038M
 Pre-touch: Disabled
 Parallel Workers: 8
 Concurrent Workers: 2
 Concurrent Refinement Workers: 8
 Periodic GC: Disabled
Heap:
 garbage-first heap   total 188416K, used 97333K [0x0000000703a00000, 0x0000000800000000)
  region size 2048K, 24 young (49152K), 6 survivors (12288K)
 Metaspace       used 108884K, committed 109760K, reserved 1179648K
  class space    used 14544K, committed 14976K, reserved 1048576K
GC Heap History (20 events):
Event: 5.490 GC heap before
{Heap before GC invocations=11 (full 0):
 garbage-first heap   total 116736K, used 81078K [0x0000000703a00000, 0x0000000800000000)
  region size 2048K, 25 young (51200K), 1 survivors (2048K)
 Metaspace       used 48373K, committed 48832K, reserved 1114112K
  class space    used 6337K, committed 6528K, reserved 1048576K
}
Event: 5.494 GC heap after
{Heap after GC invocations=12 (full 0):
 garbage-first heap   total 116736K, used 35820K [0x0000000703a00000, 0x0000000800000000)
  region size 2048K, 2 young (4096K), 2 survivors (4096K)
 Metaspace       used 48373K, committed 48832K, reserved 1114112K
  class space    used 6337K, committed 6528K, reserved 1048576K
}
Event: 6.243 GC heap before
{Heap before GC invocations=12 (full 0):
 garbage-first heap   total 116736K, used 74732K [0x0000000703a00000, 0x0000000800000000)
  region size 2048K, 22 young (45056K), 2 survivors (4096K)
 Metaspace       used 60269K, committed 60736K, reserved 1114112K
  class space    used 8077K, committed 8320K, reserved 1048576K
}
Event: 6.247 GC heap after
{Heap after GC invocations=13 (full 0):
 garbage-first heap   total 116736K, used 39113K [0x0000000703a00000, 0x0000000800000000)
  region size 2048K, 4 young (8192K), 4 survivors (8192K)
 Metaspace       used 60269K, committed 60736K, reserved 1114112K
  class space    used 8077K, committed 8320K, reserved 1048576K
}
Event: 6.907 GC heap before
{Heap before GC invocations=14 (full 0):
 garbage-first heap   total 116736K, used 84169K [0x0000000703a00000, 0x0000000800000000)
  region size 2048K, 27 young (55296K), 4 survivors (8192K)
 Metaspace       used 72301K, committed 72832K, reserved 1114112K
  class space    used 9775K, committed 10048K, reserved 1048576K
}
Event: 6.913 GC heap after
{Heap after GC invocations=15 (full 0):
 garbage-first heap   total 116736K, used 41593K [0x0000000703a00000, 0x0000000800000000)
  region size 2048K, 3 young (6144K), 3 survivors (6144K)
 Metaspace       used 72301K, committed 72832K, reserved 1114112K
  class space    used 9775K, committed 10048K, reserved 1048576K
}
Event: 7.461 GC heap before
{Heap before GC invocations=16 (full 0):
 garbage-first heap   total 116736K, used 88697K [0x0000000703a00000, 0x0000000800000000)
  region size 2048K, 27 young (55296K), 3 survivors (6144K)
 Metaspace       used 78778K, committed 79296K, reserved 1179648K
  class space    used 10747K, committed 11008K, reserved 1048576K
}
Event: 7.466 GC heap after
{Heap after GC invocations=17 (full 0):
 garbage-first heap   total 116736K, used 44439K [0x0000000703a00000, 0x0000000800000000)
  region size 2048K, 3 young (6144K), 3 survivors (6144K)
 Metaspace       used 78778K, committed 79296K, reserved 1179648K
  class space    used 10747K, committed 11008K, reserved 1048576K
}
Event: 7.882 GC heap before
{Heap before GC invocations=17 (full 0):
 garbage-first heap   total 116736K, used 91543K [0x0000000703a00000, 0x0000000800000000)
  region size 2048K, 26 young (53248K), 3 survivors (6144K)
 Metaspace       used 82273K, committed 82816K, reserved 1179648K
  class space    used 11222K, committed 11456K, reserved 1048576K
}
Event: 7.888 GC heap after
{Heap after GC invocations=18 (full 0):
 garbage-first heap   total 116736K, used 47420K [0x0000000703a00000, 0x0000000800000000)
  region size 2048K, 3 young (6144K), 3 survivors (6144K)
 Metaspace       used 82273K, committed 82816K, reserved 1179648K
  class space    used 11222K, committed 11456K, reserved 1048576K
}
Event: 9.505 GC heap before
{Heap before GC invocations=18 (full 0):
 garbage-first heap   total 116736K, used 92476K [0x0000000703a00000, 0x0000000800000000)
  region size 2048K, 25 young (51200K), 3 survivors (6144K)
 Metaspace       used 84757K, committed 85376K, reserved 1179648K
  class space    used 11568K, committed 11840K, reserved 1048576K
}
Event: 9.510 GC heap after
{Heap after GC invocations=19 (full 0):
 garbage-first heap   total 116736K, used 50079K [0x0000000703a00000, 0x0000000800000000)
  region size 2048K, 3 young (6144K), 3 survivors (6144K)
 Metaspace       used 84757K, committed 85376K, reserved 1179648K
  class space    used 11568K, committed 11840K, reserved 1048576K
}
Event: 9.811 GC heap before
{Heap before GC invocations=19 (full 0):
 garbage-first heap   total 116736K, used 93087K [0x0000000703a00000, 0x0000000800000000)
  region size 2048K, 24 young (49152K), 3 survivors (6144K)
 Metaspace       used 86574K, committed 87168K, reserved 1179648K
  class space    used 11810K, committed 12096K, reserved 1048576K
}
Event: 9.816 GC heap after
{Heap after GC invocations=20 (full 0):
 garbage-first heap   total 116736K, used 52111K [0x0000000703a00000, 0x0000000800000000)
  region size 2048K, 3 young (6144K), 3 survivors (6144K)
 Metaspace       used 86574K, committed 87168K, reserved 1179648K
  class space    used 11810K, committed 12096K, reserved 1048576K
}
Event: 10.108 GC heap before
{Heap before GC invocations=20 (full 0):
 garbage-first heap   total 116736K, used 95119K [0x0000000703a00000, 0x0000000800000000)
  region size 2048K, 24 young (49152K), 3 survivors (6144K)
 Metaspace       used 87444K, committed 88000K, reserved 1179648K
  class space    used 11921K, committed 12160K, reserved 1048576K
}
Event: 10.115 GC heap after
{Heap after GC invocations=21 (full 0):
 garbage-first heap   total 188416K, used 53929K [0x0000000703a00000, 0x0000000800000000)
  region size 2048K, 2 young (4096K), 2 survivors (4096K)
 Metaspace       used 87444K, committed 88000K, reserved 1179648K
  class space    used 11921K, committed 12160K, reserved 1048576K
}
Event: 12.111 GC heap before
{Heap before GC invocations=21 (full 0):
 garbage-first heap   total 188416K, used 152233K [0x0000000703a00000, 0x0000000800000000)
  region size 2048K, 50 young (102400K), 2 survivors (4096K)
 Metaspace       used 93805K, committed 94464K, reserved 1179648K
  class space    used 12856K, committed 13184K, reserved 1048576K
}
Event: 12.118 GC heap after
{Heap after GC invocations=22 (full 0):
 garbage-first heap   total 188416K, used 57758K [0x0000000703a00000, 0x0000000800000000)
  region size 2048K, 4 young (8192K), 4 survivors (8192K)
 Metaspace       used 93805K, committed 94464K, reserved 1179648K
  class space    used 12856K, committed 13184K, reserved 1048576K
}
Event: 51.721 GC heap before
{Heap before GC invocations=22 (full 0):
 garbage-first heap   total 188416K, used 149918K [0x0000000703a00000, 0x0000000800000000)
  region size 2048K, 49 young (100352K), 4 survivors (8192K)
 Metaspace       used 108777K, committed 109632K, reserved 1179648K
  class space    used 14543K, committed 14976K, reserved 1048576K
}
Event: 51.740 GC heap after
{Heap after GC invocations=23 (full 0):
 garbage-first heap   total 188416K, used 62517K [0x0000000703a00000, 0x0000000800000000)
  region size 2048K, 6 young (12288K), 6 survivors (12288K)
 Metaspace       used 108777K, committed 109632K, reserved 1179648K
  class space    used 14543K, committed 14976K, reserved 1048576K
}

