# JRE version: Java(TM) SE Runtime Environment (17.0.12+8) (build 17.0.12+8-LTS-286)
# Java VM: Java HotSpot(TM) 64-Bit Server VM (17.0.12+8-LTS-286, mixed mode, sharing, tiered, compressed oops, compressed class ptrs, g1 gc, windows-amd64)
GC Precious Log:
 CPUs: 8 total, 8 available
 Memory: 16149M
 Large Page Support: Disabled
 NUMA Support: Disabled
 Compressed Oops: Enabled (Zero based)
 Heap Region Size: 2M
 Heap Min Capacity: 8M
 Heap Initial Capacity: 254M
 Heap Max Capacity: 4038M
 Pre-touch: Disabled
 Parallel Workers: 8
 Concurrent Workers: 2
 Concurrent Refinement Workers: 8
 Periodic GC: Disabled
Heap:
 garbage-first heap   total 313344K, used 120661K [0x0000000703a00000, 0x0000000800000000)
  region size 2048K, 33 young (67584K), 1 survivors (2048K)
 Metaspace       used 114418K, committed 115200K, reserved 1179648K
  class space    used 15177K, committed 15552K, reserved 1048576K
GC Heap History (20 events):
Event: 3456.661 GC heap before
{Heap before GC invocations=1079 (full 0):
 garbage-first heap   total 313344K, used 239870K [0x0000000703a00000, 0x0000000800000000)
  region size 2048K, 91 young (186368K), 1 survivors (2048K)
 Metaspace       used 108944K, committed 109888K, reserved 1179648K
  class space    used 14441K, committed 14976K, reserved 1048576K
}
Event: 3456.662 GC heap after
{Heap after GC invocations=1080 (full 0):
 garbage-first heap   total 313344K, used 55546K [0x0000000703a00000, 0x0000000800000000)
  region size 2048K, 1 young (2048K), 1 survivors (2048K)
 Metaspace       used 108944K, committed 109888K, reserved 1179648K
  class space    used 14441K, committed 14976K, reserved 1048576K
}
Event: 3456.902 GC heap before
{Heap before GC invocations=1080 (full 0):
 garbage-first heap   total 313344K, used 239866K [0x0000000703a00000, 0x0000000800000000)
  region size 2048K, 91 young (186368K), 1 survivors (2048K)
 Metaspace       used 108944K, committed 109888K, reserved 1179648K
  class space    used 14441K, committed 14976K, reserved 1048576K
}
Event: 3456.903 GC heap after
{Heap after GC invocations=1081 (full 0):
 garbage-first heap   total 313344K, used 55536K [0x0000000703a00000, 0x0000000800000000)
  region size 2048K, 1 young (2048K), 1 survivors (2048K)
 Metaspace       used 108944K, committed 109888K, reserved 1179648K
  class space    used 14441K, committed 14976K, reserved 1048576K
}
Event: 3457.130 GC heap before
{Heap before GC invocations=1081 (full 0):
 garbage-first heap   total 313344K, used 239856K [0x0000000703a00000, 0x0000000800000000)
  region size 2048K, 91 young (186368K), 1 survivors (2048K)
 Metaspace       used 108944K, committed 109888K, reserved 1179648K
  class space    used 14441K, committed 14976K, reserved 1048576K
}
Event: 3457.131 GC heap after
{Heap after GC invocations=1082 (full 0):
 garbage-first heap   total 313344K, used 55546K [0x0000000703a00000, 0x0000000800000000)
  region size 2048K, 1 young (2048K), 1 survivors (2048K)
 Metaspace       used 108944K, committed 109888K, reserved 1179648K
  class space    used 14441K, committed 14976K, reserved 1048576K
}
Event: 3457.394 GC heap before
{Heap before GC invocations=1082 (full 0):
 garbage-first heap   total 313344K, used 239866K [0x0000000703a00000, 0x0000000800000000)
  region size 2048K, 91 young (186368K), 1 survivors (2048K)
 Metaspace       used 108944K, committed 109888K, reserved 1179648K
  class space    used 14441K, committed 14976K, reserved 1048576K
}
Event: 3457.395 GC heap after
{Heap after GC invocations=1083 (full 0):
 garbage-first heap   total 313344K, used 55552K [0x0000000703a00000, 0x0000000800000000)
  region size 2048K, 1 young (2048K), 1 survivors (2048K)
 Metaspace       used 108944K, committed 109888K, reserved 1179648K
  class space    used 14441K, committed 14976K, reserved 1048576K
}
Event: 3457.632 GC heap before
{Heap before GC invocations=1083 (full 0):
 garbage-first heap   total 313344K, used 239872K [0x0000000703a00000, 0x0000000800000000)
  region size 2048K, 91 young (186368K), 1 survivors (2048K)
 Metaspace       used 108944K, committed 109888K, reserved 1179648K
  class space    used 14441K, committed 14976K, reserved 1048576K
}
Event: 3457.633 GC heap after
{Heap after GC invocations=1084 (full 0):
 garbage-first heap   total 313344K, used 55538K [0x0000000703a00000, 0x0000000800000000)
  region size 2048K, 1 young (2048K), 1 survivors (2048K)
 Metaspace       used 108944K, committed 109888K, reserved 1179648K
  class space    used 14441K, committed 14976K, reserved 1048576K
}
Event: 3457.861 GC heap before
{Heap before GC invocations=1084 (full 0):
 garbage-first heap   total 313344K, used 239858K [0x0000000703a00000, 0x0000000800000000)
  region size 2048K, 91 young (186368K), 1 survivors (2048K)
 Metaspace       used 108944K, committed 109888K, reserved 1179648K
  class space    used 14441K, committed 14976K, reserved 1048576K
}
Event: 3457.862 GC heap after
{Heap after GC invocations=1085 (full 0):
 garbage-first heap   total 313344K, used 55536K [0x0000000703a00000, 0x0000000800000000)
  region size 2048K, 1 young (2048K), 1 survivors (2048K)
 Metaspace       used 108944K, committed 109888K, reserved 1179648K
  class space    used 14441K, committed 14976K, reserved 1048576K
}
Event: 3458.144 GC heap before
{Heap before GC invocations=1085 (full 0):
 garbage-first heap   total 313344K, used 239856K [0x0000000703a00000, 0x0000000800000000)
  region size 2048K, 91 young (186368K), 1 survivors (2048K)
 Metaspace       used 108944K, committed 109888K, reserved 1179648K
  class space    used 14441K, committed 14976K, reserved 1048576K
}
Event: 3458.146 GC heap after
{Heap after GC invocations=1086 (full 0):
 garbage-first heap   total 313344K, used 55538K [0x0000000703a00000, 0x0000000800000000)
  region size 2048K, 1 young (2048K), 1 survivors (2048K)
 Metaspace       used 108944K, committed 109888K, reserved 1179648K
  class space    used 14441K, committed 14976K, reserved 1048576K
}
Event: 3458.536 GC heap before
{Heap before GC invocations=1086 (full 0):
 garbage-first heap   total 313344K, used 239858K [0x0000000703a00000, 0x0000000800000000)
  region size 2048K, 91 young (186368K), 1 survivors (2048K)
 Metaspace       used 109760K, committed 110592K, reserved 1179648K
  class space    used 14545K, committed 14976K, reserved 1048576K
}
Event: 3458.538 GC heap after
{Heap after GC invocations=1087 (full 0):
 garbage-first heap   total 313344K, used 55836K [0x0000000703a00000, 0x0000000800000000)
  region size 2048K, 1 young (2048K), 1 survivors (2048K)
 Metaspace       used 109760K, committed 110592K, reserved 1179648K
  class space    used 14545K, committed 14976K, reserved 1048576K
}
Event: 3459.181 GC heap before
{Heap before GC invocations=1087 (full 0):
 garbage-first heap   total 313344K, used 240156K [0x0000000703a00000, 0x0000000800000000)
  region size 2048K, 91 young (186368K), 1 survivors (2048K)
 Metaspace       used 112138K, committed 112896K, reserved 1179648K
  class space    used 14871K, committed 15232K, reserved 1048576K
}
Event: 3459.184 GC heap after
{Heap after GC invocations=1088 (full 0):
 garbage-first heap   total 313344K, used 56397K [0x0000000703a00000, 0x0000000800000000)
  region size 2048K, 1 young (2048K), 1 survivors (2048K)
 Metaspace       used 112138K, committed 112896K, reserved 1179648K
  class space    used 14871K, committed 15232K, reserved 1048576K
}
Event: 3460.032 GC heap before
{Heap before GC invocations=1088 (full 0):
 garbage-first heap   total 313344K, used 240717K [0x0000000703a00000, 0x0000000800000000)
  region size 2048K, 91 young (186368K), 1 survivors (2048K)
 Metaspace       used 114418K, committed 115200K, reserved 1179648K
  class space    used 15177K, committed 15552K, reserved 1048576K
}
Event: 3460.036 GC heap after
{Heap after GC invocations=1089 (full 0):
 garbage-first heap   total 313344K, used 57173K [0x0000000703a00000, 0x0000000800000000)
  region size 2048K, 1 young (2048K), 1 survivors (2048K)
 Metaspace       used 114418K, committed 115200K, reserved 1179648K
  class space    used 15177K, committed 15552K, reserved 1048576K
}

