# JRE version: Java(TM) SE Runtime Environment (17.0.12+8) (build 17.0.12+8-LTS-286)
# Java VM: Java HotSpot(TM) 64-Bit Server VM (17.0.12+8-LTS-286, mixed mode, sharing, tiered, compressed oops, compressed class ptrs, g1 gc, windows-amd64)
GC Precious Log:
 CPUs: 8 total, 8 available
 Memory: 16149M
 Large Page Support: Disabled
 NUMA Support: Disabled
 Compressed Oops: Enabled (Zero based)
 Heap Region Size: 2M
 Heap Min Capacity: 8M
 Heap Initial Capacity: 254M
 Heap Max Capacity: 4038M
 Pre-touch: Disabled
 Parallel Workers: 8
 Concurrent Workers: 2
 Concurrent Refinement Workers: 8
 Periodic GC: Disabled
Heap:
 garbage-first heap   total 110592K, used 65187K [0x0000000703a00000, 0x0000000800000000)
  region size 2048K, 8 young (16384K), 3 survivors (6144K)
 Metaspace       used 90966K, committed 91520K, reserved 1179648K
  class space    used 12491K, committed 12736K, reserved 1048576K
GC Heap History (20 events):
Event: 16.460 GC heap before
{Heap before GC invocations=12 (full 0):
 garbage-first heap   total 110592K, used 67937K [0x0000000703a00000, 0x0000000800000000)
  region size 2048K, 18 young (36864K), 2 survivors (4096K)
 Metaspace       used 60454K, committed 60928K, reserved 1114112K
  class space    used 8101K, committed 8320K, reserved 1048576K
}
Event: 16.466 GC heap after
{Heap after GC invocations=13 (full 0):
 garbage-first heap   total 110592K, used 39297K [0x0000000703a00000, 0x0000000800000000)
  region size 2048K, 3 young (6144K), 3 survivors (6144K)
 Metaspace       used 60454K, committed 60928K, reserved 1114112K
  class space    used 8101K, committed 8320K, reserved 1048576K
}
Event: 18.170 GC heap before
{Heap before GC invocations=14 (full 0):
 garbage-first heap   total 110592K, used 82305K [0x0000000703a00000, 0x0000000800000000)
  region size 2048K, 25 young (51200K), 3 survivors (6144K)
 Metaspace       used 71874K, committed 72384K, reserved 1114112K
  class space    used 9659K, committed 9856K, reserved 1048576K
}
Event: 18.179 GC heap after
{Heap after GC invocations=15 (full 0):
 garbage-first heap   total 110592K, used 41510K [0x0000000703a00000, 0x0000000800000000)
  region size 2048K, 3 young (6144K), 3 survivors (6144K)
 Metaspace       used 71874K, committed 72384K, reserved 1114112K
  class space    used 9659K, committed 9856K, reserved 1048576K
}
Event: 19.769 GC heap before
{Heap before GC invocations=15 (full 0):
 garbage-first heap   total 110592K, used 86566K [0x0000000703a00000, 0x0000000800000000)
  region size 2048K, 25 young (51200K), 3 survivors (6144K)
 Metaspace       used 78663K, committed 79232K, reserved 1179648K
  class space    used 10689K, committed 10944K, reserved 1048576K
}
Event: 19.778 GC heap after
{Heap after GC invocations=16 (full 0):
 garbage-first heap   total 110592K, used 43950K [0x0000000703a00000, 0x0000000800000000)
  region size 2048K, 3 young (6144K), 3 survivors (6144K)
 Metaspace       used 78663K, committed 79232K, reserved 1179648K
  class space    used 10689K, committed 10944K, reserved 1048576K
}
Event: 23.414 GC heap before
{Heap before GC invocations=16 (full 0):
 garbage-first heap   total 110592K, used 84910K [0x0000000703a00000, 0x0000000800000000)
  region size 2048K, 23 young (47104K), 3 survivors (6144K)
 Metaspace       used 82277K, committed 82816K, reserved 1179648K
  class space    used 11191K, committed 11456K, reserved 1048576K
}
Event: 23.427 GC heap after
{Heap after GC invocations=17 (full 0):
 garbage-first heap   total 110592K, used 46277K [0x0000000703a00000, 0x0000000800000000)
  region size 2048K, 3 young (6144K), 3 survivors (6144K)
 Metaspace       used 82277K, committed 82816K, reserved 1179648K
  class space    used 11191K, committed 11456K, reserved 1048576K
}
Event: 25.469 GC heap before
{Heap before GC invocations=17 (full 0):
 garbage-first heap   total 110592K, used 87237K [0x0000000703a00000, 0x0000000800000000)
  region size 2048K, 23 young (47104K), 3 survivors (6144K)
 Metaspace       used 83753K, committed 84352K, reserved 1179648K
  class space    used 11395K, committed 11712K, reserved 1048576K
}
Event: 25.477 GC heap after
{Heap after GC invocations=18 (full 0):
 garbage-first heap   total 110592K, used 48563K [0x0000000703a00000, 0x0000000800000000)
  region size 2048K, 3 young (6144K), 3 survivors (6144K)
 Metaspace       used 83753K, committed 84352K, reserved 1179648K
  class space    used 11395K, committed 11712K, reserved 1048576K
}
Event: 26.082 GC heap before
{Heap before GC invocations=18 (full 0):
 garbage-first heap   total 110592K, used 87475K [0x0000000703a00000, 0x0000000800000000)
  region size 2048K, 22 young (45056K), 3 survivors (6144K)
 Metaspace       used 85142K, committed 85824K, reserved 1179648K
  class space    used 11575K, committed 11904K, reserved 1048576K
}
Event: 26.092 GC heap after
{Heap after GC invocations=19 (full 0):
 garbage-first heap   total 110592K, used 50892K [0x0000000703a00000, 0x0000000800000000)
  region size 2048K, 3 young (6144K), 3 survivors (6144K)
 Metaspace       used 85142K, committed 85824K, reserved 1179648K
  class space    used 11575K, committed 11904K, reserved 1048576K
}
Event: 26.740 GC heap before
{Heap before GC invocations=19 (full 0):
 garbage-first heap   total 110592K, used 87756K [0x0000000703a00000, 0x0000000800000000)
  region size 2048K, 21 young (43008K), 3 survivors (6144K)
 Metaspace       used 86441K, committed 87040K, reserved 1179648K
  class space    used 11748K, committed 12032K, reserved 1048576K
}
Event: 26.750 GC heap after
{Heap after GC invocations=20 (full 0):
 garbage-first heap   total 110592K, used 52301K [0x0000000703a00000, 0x0000000800000000)
  region size 2048K, 2 young (4096K), 2 survivors (4096K)
 Metaspace       used 86441K, committed 87040K, reserved 1179648K
  class space    used 11748K, committed 12032K, reserved 1048576K
}
Event: 27.286 GC heap before
{Heap before GC invocations=20 (full 0):
 garbage-first heap   total 110592K, used 89165K [0x0000000703a00000, 0x0000000800000000)
  region size 2048K, 20 young (40960K), 2 survivors (4096K)
 Metaspace       used 86946K, committed 87552K, reserved 1179648K
  class space    used 11821K, committed 12096K, reserved 1048576K
}
Event: 27.296 GC heap after
{Heap after GC invocations=21 (full 0):
 garbage-first heap   total 110592K, used 53640K [0x0000000703a00000, 0x0000000800000000)
  region size 2048K, 2 young (4096K), 2 survivors (4096K)
 Metaspace       used 86946K, committed 87552K, reserved 1179648K
  class space    used 11821K, committed 12096K, reserved 1048576K
}
Event: 29.161 GC heap before
{Heap before GC invocations=21 (full 0):
 garbage-first heap   total 110592K, used 90504K [0x0000000703a00000, 0x0000000800000000)
  region size 2048K, 20 young (40960K), 2 survivors (4096K)
 Metaspace       used 87787K, committed 88384K, reserved 1179648K
  class space    used 11948K, committed 12224K, reserved 1048576K
}
Event: 29.170 GC heap after
{Heap after GC invocations=22 (full 0):
 garbage-first heap   total 110592K, used 55404K [0x0000000703a00000, 0x0000000800000000)
  region size 2048K, 3 young (6144K), 3 survivors (6144K)
 Metaspace       used 87787K, committed 88384K, reserved 1179648K
  class space    used 11948K, committed 12224K, reserved 1048576K
}
Event: 30.999 GC heap before
{Heap before GC invocations=23 (full 0):
 garbage-first heap   total 110592K, used 90220K [0x0000000703a00000, 0x0000000800000000)
  region size 2048K, 20 young (40960K), 3 survivors (6144K)
 Metaspace       used 89045K, committed 89664K, reserved 1179648K
  class space    used 12196K, committed 12480K, reserved 1048576K
}
Event: 31.013 GC heap after
{Heap after GC invocations=24 (full 0):
 garbage-first heap   total 110592K, used 56995K [0x0000000703a00000, 0x0000000800000000)
  region size 2048K, 3 young (6144K), 3 survivors (6144K)
 Metaspace       used 89045K, committed 89664K, reserved 1179648K
  class space    used 12196K, committed 12480K, reserved 1048576K
}

